<?xml version="1.0" encoding="utf-8"?><testsuites name="pytest tests"><testsuite name="pytest" errors="0" failures="1" skipped="0" tests="28" time="5.859" timestamp="2026-08-02T09:23:05.645499+00:00" hostname="agent-env-c0506514-7b1a-4bbb-b78c-631e4d49edcf"><testcase classname="test_concrete_form_api" name="test_root" time="0.341" /><testcase classname="test_concrete_form_api.TestAuth" name="test_login_success" time="0.345" /><testcase classname="test_concrete_form_api.TestAuth" name="test_me" time="0.043" /><testcase classname="test_concrete_form_api.TestAuth" name="test_refresh" time="0.043" /><testcase classname="test_concrete_form_api.TestAuth" name="test_invalid_login" time="0.041" /><testcase classname="test_concrete_form_api.TestAuth" name="test_register_requires_admin" time="0.040" /><testcase classname="test_concrete_form_api.TestAuth" name="test_register_as_crew_forbidden" time="0.580" /><testcase classname="test_concrete_form_api.TestAuth" name="test_account_lock_after_5_failures" time="1.752" /><testcase classname="test_concrete_form_api.TestEquipment" name="test_list_seeded" time="0.044"><failure message="AssertionError: missing seeded sku SB-001&#10;assert 'SB-001' in {'10RCSB', '10RCSBBD', 'CU-001', 'CUTB', 'EX-001', 'EXT', ...}">test_concrete_form_api.py:121: in test_list_seeded
    assert s in skus, f"missing seeded sku {s}"
E   AssertionError: missing seeded sku SB-001
E   assert 'SB-001' in {'10RCSB', '10RCSBBD', 'CU-001', 'CUTB', 'EX-001', 'EXT', ...}</failure></testcase><testcase classname="test_concrete_form_api.TestEquipment" name="test_create_update_delete" time="0.212" /><testcase classname="test_concrete_form_api.TestEquipment" name="test_csv_export" time="0.043" /><testcase classname="test_concrete_form_api.TestEquipment" name="test_csv_import" time="0.133" /><testcase classname="test_concrete_form_api.TestBracing" name="test_basic" time="0.042" /><testcase classname="test_concrete_form_api.TestBracing" name="test_engineer_required" time="0.042" /><testcase classname="test_concrete_form_api.TestBracing" name="test_braces_by_length_aggregation" time="0.048" /><testcase classname="test_concrete_form_api.TestRentals" name="test_rental_lifecycle" time="0.386" /><testcase classname="test_concrete_form_api.TestRentals" name="test_list_rentals" time="0.043" /><testcase classname="test_concrete_form_api.TestRentals" name="test_capacity_commits_active_rentals_no_due_date" time="0.177" /><testcase classname="test_concrete_form_api.TestRentalLocation" name="test_create_rental_without_latlng_returns_null" time="0.131" /><testcase classname="test_concrete_form_api.TestRentalLocation" name="test_create_rental_with_latlng" time="0.209" /><testcase classname="test_concrete_form_api.TestRentalLocation" name="test_patch_location_updates_coords" time="0.260" /><testcase classname="test_concrete_form_api.TestRentalLocation" name="test_patch_location_unknown_id_returns_404" time="0.043" /><testcase classname="test_concrete_form_api.TestRentalLocation" name="test_patch_location_requires_auth" time="0.053" /><testcase classname="test_concrete_form_api.TestBookings" name="test_create_and_capacity" time="0.216" /><testcase classname="test_concrete_form_api.TestMaintenance" name="test_crud" time="0.209" /><testcase classname="test_concrete_form_api.TestVendors" name="test_crud" time="0.131" /><testcase classname="test_concrete_form_api.TestSite" name="test_get_and_update" time="0.148" /><testcase classname="test_concrete_form_api.TestDashboard" name="test_stats" time="0.045" /></testsuite></testsuites>